2018-05-19 15:14:15,620 - login.py [line17]DEBUG 文件已存在
2018-05-19 15:15:08,108 - login.py [line34]INFO 注册成功，欢迎使用51memo
2018-05-19 15:15:50,354 - login.py [line42]DEBUG 该hujingyi用户数据文件已生成
2018-05-19 15:16:23,011 - main.py [line13]INFO 用户登录，返回该用户数据文件名
2018-05-19 15:19:59,544 - MemoAdmin.py [line22]INFO 已经成功添加
2018-05-19 15:20:35,223 - main.py [line15]INFO 利用数据文件名进行操作
2018-05-19 15:21:20,599 - config.py [line35]DEBUG 配置信息已存入配置文件
2018-05-19 15:21:28,568 - main.py [line17]INFO 用户配置文件生成
2018-05-19 15:52:03,584 - login.py [line18]DEBUG 文件已存在
2018-05-19 15:52:07,063 - login.py [line35]INFO 注册成功，欢迎使用51memo
2018-05-19 15:52:11,042 - login.py [line43]DEBUG 该sam用户数据文件已生成
2018-05-19 15:52:12,950 - main.py [line13]INFO 用户登录，返回该用户数据文件名
2018-05-19 15:52:51,039 - login.py [line18]DEBUG 文件已存在
2018-05-19 15:52:51,044 - login.py [line30]INFO sam登录成功
2018-05-19 15:52:51,049 - main.py [line13]INFO 用户登录，返回该用户数据文件名
2018-05-19 15:53:49,671 - MemoAdmin.py [line22]INFO 已经成功添加
2018-05-19 15:53:53,774 - main.py [line15]INFO 利用数据文件名进行操作
2018-05-19 15:53:53,800 - config.py [line35]DEBUG 配置信息已存入配置文件
2018-05-19 15:53:53,813 - main.py [line17]INFO 用户配置文件生成
2018-05-26 09:53:57,250 - login.py [line18]DEBUG 文件已存在
2018-05-26 09:53:57,260 - login.py [line35]INFO 注册成功，欢迎使用51memo
2018-05-26 09:53:57,260 - login.py [line43]DEBUG 该yun用户数据文件已生成
2018-05-26 09:53:57,270 - main.py [line19]INFO 用户登录，返回该用户数据文件名
2018-05-26 09:56:05,339 - login.py [line18]DEBUG 文件已存在
2018-05-26 09:56:36,610 - login.py [line30]INFO yun登录成功
2018-05-26 09:56:47,732 - main.py [line19]INFO 用户登录，返回该用户数据文件名
2018-05-26 10:07:09,239 - login.py [line18]DEBUG 文件已存在
2018-05-26 10:08:10,416 - login.py [line18]DEBUG 文件已存在
2018-05-26 10:08:41,015 - login.py [line30]INFO yun登录成功
2018-05-26 10:09:00,666 - main.py [line19]INFO 用户登录，返回该用户数据文件名
2018-05-26 10:25:35,806 - login.py [line18]DEBUG 文件已存在
2018-05-26 10:25:35,814 - login.py [line30]INFO yun登录成功
2018-05-26 10:25:35,819 - main.py [line19]INFO 用户登录，返回该用户数据文件名
2018-05-26 10:25:56,146 - MemoAdmin.py [line25]INFO 已经成功添加
2018-05-26 10:26:25,545 - MemoAdmin.py [line25]INFO 已经成功添加
2018-05-26 10:26:30,013 - main.py [line21]INFO 利用数据文件名进行操作
2018-05-26 10:26:30,027 - config.py [line41]DEBUG 配置信息已存入配置文件
2018-05-26 10:26:30,045 - main.py [line40]INFO 用户配置文件生成
2018-05-26 10:30:07,723 - login.py [line18]DEBUG 文件已存在
2018-05-26 10:30:07,728 - login.py [line30]INFO yun登录成功
2018-05-26 10:30:07,728 - main.py [line19]INFO 用户登录，返回该用户数据文件名
2018-05-26 10:30:42,915 - MemoAdmin.py [line25]INFO 已经成功添加
2018-05-26 10:30:45,206 - main.py [line21]INFO 利用数据文件名进行操作
2018-05-26 10:44:28,492 - login.py [line18]DEBUG 文件已存在
2018-05-26 10:44:28,493 - login.py [line30]INFO yun登录成功
2018-05-26 10:44:28,494 - main.py [line19]INFO 用户登录，返回该用户数据文件名
2018-05-26 10:45:33,092 - MemoAdmin.py [line25]INFO 已经成功添加
2018-05-26 10:45:35,950 - main.py [line21]INFO 利用数据文件名进行操作
2018-05-26 10:46:00,045 - config.py [line41]DEBUG 配置信息已存入配置文件
2018-05-26 10:46:00,047 - main.py [line43]INFO 用户配置文件生成
2018-05-26 10:53:58,167 - login.py [line18]DEBUG 文件已存在
2018-05-26 10:53:58,170 - login.py [line30]INFO yun登录成功
2018-05-26 10:53:58,172 - main.py [line19]INFO 用户登录，返回该用户数据文件名
2018-05-26 10:54:45,043 - MemoAdmin.py [line25]INFO 已经成功添加
2018-05-26 10:54:47,320 - main.py [line21]INFO 利用数据文件名进行操作
2018-05-26 10:55:08,304 - config.py [line41]DEBUG 配置信息已存入配置文件
2018-05-26 10:55:08,306 - main.py [line43]INFO 用户配置文件生成
2018-05-26 12:47:26,632 - login.py [line18]DEBUG 文件已存在
2018-05-26 12:47:26,633 - login.py [line30]INFO yun登录成功
2018-05-26 12:47:26,634 - main.py [line19]INFO 用户登录，返回该用户数据文件名
2018-05-26 12:47:53,488 - MemoAdmin.py [line25]INFO 已经成功添加
2018-05-26 12:47:57,099 - main.py [line21]INFO 利用数据文件名进行操作
2018-05-26 12:48:21,089 - config.py [line41]DEBUG 配置信息已存入配置文件
2018-05-26 12:48:21,092 - main.py [line43]INFO 用户配置文件生成
2018-05-26 12:50:20,407 - login.py [line18]DEBUG 文件已存在
2018-05-26 12:50:20,409 - login.py [line30]INFO yun登录成功
2018-05-26 12:50:20,411 - main.py [line19]INFO 用户登录，返回该用户数据文件名
2018-05-26 12:50:41,559 - MemoAdmin.py [line25]INFO 已经成功添加
2018-05-26 12:50:45,048 - main.py [line21]INFO 利用数据文件名进行操作
2018-05-26 13:00:22,896 - login.py [line18]DEBUG 文件已存在
2018-05-26 13:00:22,898 - login.py [line30]INFO yun登录成功
2018-05-26 13:00:22,899 - main.py [line19]INFO 用户登录，返回该用户数据文件名
2018-05-26 13:14:35,007 - login.py [line18]DEBUG 文件已存在
2018-05-26 13:14:35,010 - login.py [line30]INFO yun登录成功
2018-05-26 13:14:35,012 - main.py [line19]INFO 用户登录，返回该用户数据文件名
2018-05-26 13:15:16,370 - main.py [line21]INFO 利用数据文件名进行操作
2018-05-26 13:15:40,923 - config.py [line41]DEBUG 配置信息已存入配置文件
2018-05-26 13:15:40,926 - main.py [line43]INFO 用户配置文件生成
2018-05-26 13:17:01,111 - login.py [line18]DEBUG 文件已存在
2018-05-26 13:17:01,114 - login.py [line30]INFO yun登录成功
2018-05-26 13:17:01,115 - main.py [line19]INFO 用户登录，返回该用户数据文件名
2018-05-26 13:18:12,174 - login.py [line18]DEBUG 文件已存在
2018-05-26 13:18:12,175 - login.py [line30]INFO yun登录成功
2018-05-26 13:18:12,176 - main.py [line19]INFO 用户登录，返回该用户数据文件名
2018-05-26 13:18:55,535 - main.py [line21]INFO 利用数据文件名进行操作
2018-05-26 13:22:56,771 - login.py [line18]DEBUG 文件已存在
2018-05-26 13:22:56,773 - login.py [line30]INFO yun登录成功
2018-05-26 13:22:56,774 - main.py [line19]INFO 用户登录，返回该用户数据文件名
2018-05-26 13:23:03,818 - main.py [line21]INFO 利用数据文件名进行操作
2018-05-26 13:24:48,600 - login.py [line18]DEBUG 文件已存在
2018-05-26 13:24:48,602 - login.py [line30]INFO yun登录成功
2018-05-26 13:24:48,603 - main.py [line19]INFO 用户登录，返回该用户数据文件名
2018-05-26 13:24:58,256 - MemoAdmin.py [line37]INFO 已经删除
2018-05-26 13:25:01,272 - main.py [line21]INFO 利用数据文件名进行操作
2018-05-26 13:54:01,755 - login.py [line18]DEBUG 文件已存在
2018-05-26 13:54:01,756 - login.py [line30]INFO yun登录成功
2018-05-26 13:54:01,757 - main.py [line19]INFO 用户登录，返回该用户数据文件名
2018-05-26 13:54:33,643 - login.py [line18]DEBUG 文件已存在
2018-05-26 13:54:33,644 - login.py [line30]INFO yun登录成功
2018-05-26 13:54:33,645 - main.py [line19]INFO 用户登录，返回该用户数据文件名
2018-05-26 13:54:43,813 - main.py [line21]INFO 利用数据文件名进行操作
2018-05-26 13:58:53,993 - login.py [line18]DEBUG 文件已存在
2018-05-26 13:58:53,995 - login.py [line30]INFO yun登录成功
2018-05-26 13:58:53,996 - main.py [line19]INFO 用户登录，返回该用户数据文件名
2018-05-26 13:59:08,178 - main.py [line21]INFO 利用数据文件名进行操作
2018-05-26 13:59:55,255 - login.py [line18]DEBUG 文件已存在
2018-05-26 13:59:55,256 - login.py [line30]INFO yun登录成功
2018-05-26 13:59:55,256 - main.py [line19]INFO 用户登录，返回该用户数据文件名
2018-05-26 14:00:03,329 - main.py [line21]INFO 利用数据文件名进行操作
2018-05-26 14:00:19,773 - config.py [line41]DEBUG 配置信息已存入配置文件
2018-05-26 14:00:19,776 - main.py [line43]INFO 用户配置文件生成
