2018-05-19 15:19:59,544 - MemoAdmin.py [line22]INFO 已经成功添加
2018-05-19 15:20:35,223 - main.py [line15]INFO 利用数据文件名进行操作
2018-05-19 15:21:20,599 - config.py [line35]DEBUG 配置信息已存入配置文件
2018-05-19 15:21:28,568 - main.py [line17]INFO 用户配置文件生成
2018-05-19 15:53:49,671 - MemoAdmin.py [line22]INFO 已经成功添加
2018-05-19 15:53:53,774 - main.py [line15]INFO 利用数据文件名进行操作
2018-05-19 15:53:53,800 - config.py [line35]DEBUG 配置信息已存入配置文件
2018-05-19 15:53:53,813 - main.py [line17]INFO 用户配置文件生成
2018-05-26 10:25:56,146 - MemoAdmin.py [line25]INFO 已经成功添加
2018-05-26 10:26:25,545 - MemoAdmin.py [line25]INFO 已经成功添加
2018-05-26 10:26:30,013 - main.py [line21]INFO 利用数据文件名进行操作
2018-05-26 10:26:30,027 - config.py [line41]DEBUG 配置信息已存入配置文件
2018-05-26 10:26:30,045 - main.py [line40]INFO 用户配置文件生成
2018-05-26 10:30:42,915 - MemoAdmin.py [line25]INFO 已经成功添加
2018-05-26 10:30:45,206 - main.py [line21]INFO 利用数据文件名进行操作
2018-05-26 10:45:33,092 - MemoAdmin.py [line25]INFO 已经成功添加
2018-05-26 10:45:35,950 - main.py [line21]INFO 利用数据文件名进行操作
2018-05-26 10:46:00,045 - config.py [line41]DEBUG 配置信息已存入配置文件
2018-05-26 10:46:00,047 - main.py [line43]INFO 用户配置文件生成
2018-05-26 10:54:45,043 - MemoAdmin.py [line25]INFO 已经成功添加
2018-05-26 10:54:47,320 - main.py [line21]INFO 利用数据文件名进行操作
2018-05-26 10:55:08,304 - config.py [line41]DEBUG 配置信息已存入配置文件
2018-05-26 10:55:08,306 - main.py [line43]INFO 用户配置文件生成
2018-05-26 12:47:53,488 - MemoAdmin.py [line25]INFO 已经成功添加
2018-05-26 12:47:57,099 - main.py [line21]INFO 利用数据文件名进行操作
2018-05-26 12:48:21,089 - config.py [line41]DEBUG 配置信息已存入配置文件
2018-05-26 12:48:21,092 - main.py [line43]INFO 用户配置文件生成
2018-05-26 12:50:41,559 - MemoAdmin.py [line25]INFO 已经成功添加
2018-05-26 12:50:45,048 - main.py [line21]INFO 利用数据文件名进行操作
2018-05-26 13:15:16,370 - main.py [line21]INFO 利用数据文件名进行操作
2018-05-26 13:15:40,923 - config.py [line41]DEBUG 配置信息已存入配置文件
2018-05-26 13:15:40,926 - main.py [line43]INFO 用户配置文件生成
2018-05-26 13:18:55,535 - main.py [line21]INFO 利用数据文件名进行操作
2018-05-26 13:23:03,818 - main.py [line21]INFO 利用数据文件名进行操作
2018-05-26 13:24:58,256 - MemoAdmin.py [line37]INFO 已经删除
2018-05-26 13:25:01,272 - main.py [line21]INFO 利用数据文件名进行操作
2018-05-26 13:54:43,813 - main.py [line21]INFO 利用数据文件名进行操作
2018-05-26 13:59:08,178 - main.py [line21]INFO 利用数据文件名进行操作
2018-05-26 14:00:03,329 - main.py [line21]INFO 利用数据文件名进行操作
2018-05-26 14:00:19,773 - config.py [line41]DEBUG 配置信息已存入配置文件
2018-05-26 14:00:19,776 - main.py [line43]INFO 用户配置文件生成
